Сборка начата 23.09.2023 12:37:43.
Уровень детализации журнала: Normal.     1>Проект "C:\Users\qdenni\OneDrive\Рабочий стол\Лабы\ОАиП\Лаба 4\ConsoleApplication1\ConsoleApplication1\ConsoleApplication1.vcxproj" в узле 2 (целевые объекты Build).
     1>C:\Program Files\Microsoft Visual Studio\2022\Community\MSBuild\Microsoft\VC\v170\Microsoft.CppBuild.targets(531,5): warning MSB8028: промежуточный каталог (x64\Debug\) содержит файлы, которые используются совместно с другим проектом (ConsoleApplication1.vcxproj).  Это может привести к ошибкам очистки и перестроения.
     1>InitializeBuildStatus:
         Создание "x64\Debug\Laba4.tlog\unsuccessfulbuild", так как было задано "AlwaysCreate".
         Обращение к "x64\Debug\Laba4.tlog\unsuccessfulbuild".
       ClCompile:
         C:\Program Files\Microsoft Visual Studio\2022\Community\VC\Tools\MSVC\14.37.32822\bin\HostX64\x64\CL.exe /c /ZI /JMC /nologo /W3 /WX- /diagnostics:column /sdl /Od /D _DEBUG /D _CONSOLE /D _UNICODE /D UNICODE /Gm- /EHsc /RTC1 /MDd /GS /fp:precise /Zc:wchar_t /Zc:forScope /Zc:inline /permissive- /Fo"x64\Debug\\" /Fd"x64\Debug\vc143.pdb" /external:W3 /Gd /TP /FC /errorReport:prompt "Доп.задание3.cpp"
         Доп.задание3.cpp
       Link:
         C:\Program Files\Microsoft Visual Studio\2022\Community\VC\Tools\MSVC\14.37.32822\bin\HostX64\x64\link.exe /ERRORREPORT:PROMPT /OUT:"C:\Users\qdenni\OneDrive\Рабочий стол\Лабы\ОАиП\Лаба 4\ConsoleApplication1\x64\Debug\Laba4.exe" /INCREMENTAL /ILK:"x64\Debug\Laba4.ilk" /NOLOGO kernel32.lib user32.lib gdi32.lib winspool.lib comdlg32.lib advapi32.lib shell32.lib ole32.lib oleaut32.lib uuid.lib odbc32.lib odbccp32.lib /MANIFEST /MANIFESTUAC:"level='asInvoker' uiAccess='false'" /manifest:embed /DEBUG /PDB:"C:\Users\qdenni\OneDrive\Рабочий стол\Лабы\ОАиП\Лаба 4\ConsoleApplication1\x64\Debug\Laba4.pdb" /SUBSYSTEM:CONSOLE /TLBID:1 /DYNAMICBASE /NXCOMPAT /IMPLIB:"C:\Users\qdenni\OneDrive\Рабочий стол\Лабы\ОАиП\Лаба 4\ConsoleApplication1\x64\Debug\Laba4.lib" /MACHINE:X64 "x64\Debug\Доп.задание3.obj"
         ConsoleApplication1.vcxproj -> C:\Users\qdenni\OneDrive\Рабочий стол\Лабы\ОАиП\Лаба 4\ConsoleApplication1\x64\Debug\Laba4.exe
       TlogCleanup:
         Следующие элементы будут удалены из tlogs, так как они были удалены из проекта или сборки: C:\Users\qdenni\OneDrive\Рабочий стол\Лабы\ОАиП\Лаба 4\ConsoleApplication1\ConsoleApplication1\Доп.задание2.cpp.
       FinalizeBuildStatus:
         Файл "x64\Debug\Laba4.tlog\unsuccessfulbuild" удаляется.
         Обращение к "x64\Debug\Laba4.tlog\Laba4.lastbuildstate".
     1>Сборка проекта "C:\Users\qdenni\OneDrive\Рабочий стол\Лабы\ОАиП\Лаба 4\ConsoleApplication1\ConsoleApplication1\ConsoleApplication1.vcxproj" завершена (целевые объекты Build).

Сборка успешно завершена.

       "C:\Users\qdenni\OneDrive\Рабочий стол\Лабы\ОАиП\Лаба 4\ConsoleApplication1\ConsoleApplication1\ConsoleApplication1.vcxproj" (целевой объект Build ) (1) ->
       (Целевой объект PrepareForBuild) -> 
         C:\Program Files\Microsoft Visual Studio\2022\Community\MSBuild\Microsoft\VC\v170\Microsoft.CppBuild.targets(531,5): warning MSB8028: промежуточный каталог (x64\Debug\) содержит файлы, которые используются совместно с другим проектом (ConsoleApplication1.vcxproj).  Это может привести к ошибкам очистки и перестроения.

    Предупреждений: 1
    Ошибок: 0

Прошло времени 00:00:02.25
